[NOTE ]  coreboot-4.14-11944-gaf1534f5afb6-dirty Tue Aug 15 03:19:32 UTC 2023 x86_32 bootblock starting (log level: 7)...
[DEBUG]  Family_Model: 00810f81
[INFO ]  Set power off after power failure.
[DEBUG]  PMxC0 STATUS: 0x800 BIT11
[DEBUG]  SPI normal read speed: 33.33 MHz
[DEBUG]  SPI fast read speed: 33.33 MHz
[DEBUG]  SPI alt read speed: 33.33 MHz
[DEBUG]  SPI TPM read speed: 33.33 MHz
[DEBUG]  SPI100: Enabled
[DEBUG]  SPI Read Mode: Dual IO (1-1-2)
[DEBUG]  FMAP: Found "FLASH" version 1.1 at 0x10000.
[DEBUG]  FMAP: base = 0xff000000 size = 0x1000000 #areas = 4
[DEBUG]  FMAP: area COREBOOT found @ 11000 (16707584 bytes)
[INFO ]  CBFS: mcache @0x02011200 built for 18 files, used 0x3c8 of 0x4000 bytes
[INFO ]  CBFS: Found 'fallback/romstage' @0x80 size 0x7624 in mcache @0x0201122c
[DEBUG]  BS: bootblock times (exec / console): total (unknown) / 88 ms


[NOTE ]  coreboot-4.14-11944-gaf1534f5afb6-dirty Tue Aug 15 03:19:32 UTC 2023 x86_32 romstage starting (log level: 7)...
[INFO ]  GPIO Control Switch: 0xff000000, Wake Stat 0: 0x00000000, Wake Stat 1: 0x00000000
[DEBUG]  FMAP: area COREBOOT found @ 11000 (16707584 bytes)
[INFO ]  CBFS: Found 'fspm.bin' @0x13a840 size 0x1855e in mcache @0x020114c8
[WARN ]  No AMD FSP image revision information available
[DEBUG]  0x02000dcc: 50 49 43 41 53 4f 5f 4d 01 00 00 00 00 00 00 00  PICASO_M........
[DEBUG]  0x02000ddc: 00 00 00 00 00 00 00 00 00 00 00 00 00 00 00 00  ................
[DEBUG]  0x02000dec: 01 00 00 00 00 10 00 02 f0 b8 04 02 00 00 04 00  ................
[DEBUG]  0x02000dfc: 00 20 00 00 00 00 00 00 00 00 00 00 00 00 00 00  . ..............
[DEBUG]  0x02000e0c: 00 00 00 f8 f8 03 00 00 00 00 00 00 01 00 00 00  ................
[DEBUG]  0x02000e1c: 00 c2 01 00 00 20 1c 00 00 00 00 00 00 00 00 00  ..... ..........
[DEBUG]  0x02000e2c: 00 00 00 00 00 00 00 00 00 00 00 00 00 00 00 00  ................
[DEBUG]  ...
[DEBUG]  0x02000e7c: 00 00 00 00 00 00 00 00 ff ff ff f7 f7 01 00 00  ................
[DEBUG]  0x02000e8c: 00 00 00 00 00 00 00 00 00 00 80 00 02 07 01 00  ................
[DEBUG]  0x02000e9c: 00 00 00 00 00 00 00 0f 00 00 00 00 00 00 00 00  ................
[DEBUG]  0x02000eac: 00 00 00 00 00 00 00 00 00 00 00 00 00 00 00 00  ................
[DEBUG]  ...
[DEBUG]  0x02000ecc: 00 00 aa 55                                      ...U
